# JRE version: Java(TM) SE Runtime Environment (8.0_121-b13) (build 1.8.0_121-b13)
# Java VM: Java HotSpot(TM) 64-Bit Server VM (25.121-b13 mixed mode linux-amd64 compressed oops)
Heap:
 PSYoungGen      total 161280K, used 150016K [0x00000000d7780000, 0x00000000e4980000, 0x0000000100000000)
  eden space 150016K, 100% used [0x00000000d7780000,0x00000000e0a00000,0x00000000e0a00000)
  from space 11264K, 0% used [0x00000000e1700000,0x00000000e1700000,0x00000000e2200000)
  to   space 13312K, 76% used [0x00000000e0a00000,0x00000000e13e9720,0x00000000e1700000)
 ParOldGen       total 93184K, used 20626K [0x0000000086600000, 0x000000008c100000, 0x00000000d7780000)
  object space 93184K, 22% used [0x0000000086600000,0x0000000087a249e0,0x000000008c100000)
 Metaspace       used 43675K, capacity 44680K, committed 44888K, reserved 1087488K
  class space    used 5989K, capacity 6240K, committed 6272K, reserved 1048576K
GC Heap History (10 events):
Event: 11,608 GC heap after
Heap after GC invocations=6 (full 1):
 PSYoungGen      total 67584K, used 0K [0x00000000d7780000, 0x00000000e0580000, 0x0000000100000000)
  eden space 62464K, 0% used [0x00000000d7780000,0x00000000d7780000,0x00000000db480000)
  from space 5120K, 0% used [0x00000000db480000,0x00000000db480000,0x00000000db980000)
  to   space 10240K, 0% used [0x00000000dfb80000,0x00000000dfb80000,0x00000000e0580000)
 ParOldGen       total 56320K, used 8118K [0x0000000086600000, 0x0000000089d00000, 0x00000000d7780000)
  object space 56320K, 14% used [0x0000000086600000,0x0000000086dedb48,0x0000000089d00000)
 Metaspace       used 20854K, capacity 21100K, committed 21248K, reserved 1067008K
  class space    used 2878K, capacity 2997K, committed 3072K, reserved 1048576K
}
Event: 16,017 GC heap before
{Heap before GC invocations=7 (full 1):
 PSYoungGen      total 67584K, used 62464K [0x00000000d7780000, 0x00000000e0580000, 0x0000000100000000)
  eden space 62464K, 100% used [0x00000000d7780000,0x00000000db480000,0x00000000db480000)
  from space 5120K, 0% used [0x00000000db480000,0x00000000db480000,0x00000000db980000)
  to   space 10240K, 0% used [0x00000000dfb80000,0x00000000dfb80000,0x00000000e0580000)
 ParOldGen       total 56320K, used 8118K [0x0000000086600000, 0x0000000089d00000, 0x00000000d7780000)
  object space 56320K, 14% used [0x0000000086600000,0x0000000086dedb48,0x0000000089d00000)
 Metaspace       used 26329K, capacity 26790K, committed 27264K, reserved 1073152K
  class space    used 3695K, capacity 3867K, committed 3968K, reserved 1048576K
Event: 16,045 GC heap after
Heap after GC invocations=7 (full 1):
 PSYoungGen      total 104960K, used 6097K [0x00000000d7780000, 0x00000000e0180000, 0x0000000100000000)
  eden space 98816K, 0% used [0x00000000d7780000,0x00000000d7780000,0x00000000dd800000)
  from space 6144K, 99% used [0x00000000dfb80000,0x00000000e0174588,0x00000000e0180000)
  to   space 9728K, 0% used [0x00000000dee80000,0x00000000dee80000,0x00000000df800000)
 ParOldGen       total 56320K, used 8126K [0x0000000086600000, 0x0000000089d00000, 0x00000000d7780000)
  object space 56320K, 14% used [0x0000000086600000,0x0000000086defb48,0x0000000089d00000)
 Metaspace       used 26329K, capacity 26790K, committed 27264K, reserved 1073152K
  class space    used 3695K, capacity 3867K, committed 3968K, reserved 1048576K
}
Event: 21,368 GC heap before
{Heap before GC invocations=8 (full 1):
 PSYoungGen      total 104960K, used 104913K [0x00000000d7780000, 0x00000000e0180000, 0x0000000100000000)
  eden space 98816K, 100% used [0x00000000d7780000,0x00000000dd800000,0x00000000dd800000)
  from space 6144K, 99% used [0x00000000dfb80000,0x00000000e0174588,0x00000000e0180000)
  to   space 9728K, 0% used [0x00000000dee80000,0x00000000dee80000,0x00000000df800000)
 ParOldGen       total 56320K, used 8126K [0x0000000086600000, 0x0000000089d00000, 0x00000000d7780000)
  object space 56320K, 14% used [0x0000000086600000,0x0000000086defb48,0x0000000089d00000)
 Metaspace       used 32025K, capacity 32542K, committed 32896K, reserved 1077248K
  class space    used 4417K, capacity 4614K, committed 4736K, reserved 1048576K
Event: 21,414 GC heap after
Heap after GC invocations=8 (full 1):
 PSYoungGen      total 131584K, used 9699K [0x00000000d7780000, 0x00000000e2200000, 0x0000000100000000)
  eden space 121856K, 0% used [0x00000000d7780000,0x00000000d7780000,0x00000000dee80000)
  from space 9728K, 99% used [0x00000000dee80000,0x00000000df7f8f20,0x00000000df800000)
  to   space 11264K, 0% used [0x00000000e1700000,0x00000000e1700000,0x00000000e2200000)
 ParOldGen       total 56320K, used 8588K [0x0000000086600000, 0x0000000089d00000, 0x00000000d7780000)
  object space 56320K, 15% used [0x0000000086600000,0x0000000086e630d8,0x0000000089d00000)
 Metaspace       used 32025K, capacity 32542K, committed 32896K, reserved 1077248K
  class space    used 4417K, capacity 4614K, committed 4736K, reserved 1048576K
}
Event: 23,868 GC heap before
{Heap before GC invocations=9 (full 1):
 PSYoungGen      total 131584K, used 68020K [0x00000000d7780000, 0x00000000e2200000, 0x0000000100000000)
  eden space 121856K, 47% used [0x00000000d7780000,0x00000000db0742a8,0x00000000dee80000)
  from space 9728K, 99% used [0x00000000dee80000,0x00000000df7f8f20,0x00000000df800000)
  to   space 11264K, 0% used [0x00000000e1700000,0x00000000e1700000,0x00000000e2200000)
 ParOldGen       total 56320K, used 8588K [0x0000000086600000, 0x0000000089d00000, 0x00000000d7780000)
  object space 56320K, 15% used [0x0000000086600000,0x0000000086e630d8,0x0000000089d00000)
 Metaspace       used 34591K, capacity 35216K, committed 35416K, reserved 1079296K
  class space    used 4752K, capacity 4967K, committed 4992K, reserved 1048576K
Event: 23,920 GC heap after
Heap after GC invocations=9 (full 1):
 PSYoungGen      total 161280K, used 11263K [0x00000000d7780000, 0x00000000e4980000, 0x0000000100000000)
  eden space 150016K, 0% used [0x00000000d7780000,0x00000000d7780000,0x00000000e0a00000)
  from space 11264K, 99% used [0x00000000e1700000,0x00000000e21ffe08,0x00000000e2200000)
  to   space 13312K, 0% used [0x00000000e0a00000,0x00000000e0a00000,0x00000000e1700000)
 ParOldGen       total 56320K, used 10674K [0x0000000086600000, 0x0000000089d00000, 0x00000000d7780000)
  object space 56320K, 18% used [0x0000000086600000,0x000000008706c920,0x0000000089d00000)
 Metaspace       used 34591K, capacity 35216K, committed 35416K, reserved 1079296K
  class space    used 4752K, capacity 4967K, committed 4992K, reserved 1048576K
}
Event: 23,920 GC heap before
{Heap before GC invocations=10 (full 2):
 PSYoungGen      total 161280K, used 11263K [0x00000000d7780000, 0x00000000e4980000, 0x0000000100000000)
  eden space 150016K, 0% used [0x00000000d7780000,0x00000000d7780000,0x00000000e0a00000)
  from space 11264K, 99% used [0x00000000e1700000,0x00000000e21ffe08,0x00000000e2200000)
  to   space 13312K, 0% used [0x00000000e0a00000,0x00000000e0a00000,0x00000000e1700000)
 ParOldGen       total 56320K, used 10674K [0x0000000086600000, 0x0000000089d00000, 0x00000000d7780000)
  object space 56320K, 18% used [0x0000000086600000,0x000000008706c920,0x0000000089d00000)
 Metaspace       used 34591K, capacity 35216K, committed 35416K, reserved 1079296K
  class space    used 4752K, capacity 4967K, committed 4992K, reserved 1048576K
Event: 24,381 GC heap after
Heap after GC invocations=10 (full 2):
 PSYoungGen      total 161280K, used 0K [0x00000000d7780000, 0x00000000e4980000, 0x0000000100000000)
  eden space 150016K, 0% used [0x00000000d7780000,0x00000000d7780000,0x00000000e0a00000)
  from space 11264K, 0% used [0x00000000e1700000,0x00000000e1700000,0x00000000e2200000)
  to   space 13312K, 0% used [0x00000000e0a00000,0x00000000e0a00000,0x00000000e1700000)
 ParOldGen       total 93184K, used 20554K [0x0000000086600000, 0x000000008c100000, 0x00000000d7780000)
  object space 93184K, 22% used [0x0000000086600000,0x0000000087a129d0,0x000000008c100000)
 Metaspace       used 34591K, capacity 35216K, committed 35416K, reserved 1079296K
  class space    used 4752K, capacity 4967K, committed 4992K, reserved 1048576K
}
Event: 31,907 GC heap before
{Heap before GC invocations=11 (full 2):
 PSYoungGen      total 161280K, used 150016K [0x00000000d7780000, 0x00000000e4980000, 0x0000000100000000)
  eden space 150016K, 100% used [0x00000000d7780000,0x00000000e0a00000,0x00000000e0a00000)
  from space 11264K, 0% used [0x00000000e1700000,0x00000000e1700000,0x00000000e2200000)
  to   space 13312K, 0% used [0x00000000e0a00000,0x00000000e0a00000,0x00000000e1700000)
 ParOldGen       total 93184K, used 20554K [0x0000000086600000, 0x000000008c100000, 0x00000000d7780000)
  object space 93184K, 22% used [0x0000000086600000,0x0000000087a129d0,0x000000008c100000)
 Metaspace       used 43675K, capacity 44680K, committed 44888K, reserved 1087488K
  class space    used 5989K, capacity 6240K, committed 6272K, reserved 1048576K

